<?xml version="1.0" encoding="UTF-8"?>
<testng-results skipped="0" failed="0" total="1" passed="1">
  <reporter-output>
  </reporter-output>
  <suite name="Default suite" duration-ms="30512" started-at="2020-03-13T14:25:58Z" finished-at="2020-03-13T14:26:29Z">
    <groups>
    </groups>
    <test name="Default test" duration-ms="30512" started-at="2020-03-13T14:25:58Z" finished-at="2020-03-13T14:26:29Z">
      <class name="regressionscripts.ValidShopclusLogin">
        <test-method status="PASS" signature="launch_Appln()[pri:0, instance:regressionscripts.ValidShopclusLogin@548a9f61]" name="launch_Appln" is-config="true" duration-ms="15822" started-at="2020-03-13T19:55:59Z" finished-at="2020-03-13T19:56:14Z">
          <reporter-output>
          </reporter-output>
        </test-method> <!-- launch_Appln -->
        <test-method status="PASS" signature="validshopcluslogin()[pri:0, instance:regressionscripts.ValidShopclusLogin@548a9f61]" name="validshopcluslogin" duration-ms="3552" started-at="2020-03-13T19:56:14Z" finished-at="2020-03-13T19:56:18Z">
          <reporter-output>
          </reporter-output>
        </test-method> <!-- validshopcluslogin -->
        <test-method status="PASS" signature="close_Appln(org.testng.ITestResult)[pri:0, instance:regressionscripts.ValidShopclusLogin@548a9f61]" name="close_Appln" is-config="true" duration-ms="11114" started-at="2020-03-13T19:56:18Z" finished-at="2020-03-13T19:56:29Z">
          <params>
            <param index="0">
              <value>
                <![CDATA[[TestResult name=validshopcluslogin status=SUCCESS method=ValidShopclusLogin.validshopcluslogin()[pri:0, instance:regressionscripts.ValidShopclusLogin@548a9f61] output={null}]]]>
              </value>
            </param>
          </params>
          <reporter-output>
          </reporter-output>
        </test-method> <!-- close_Appln -->
      </class> <!-- regressionscripts.ValidShopclusLogin -->
    </test> <!-- Default test -->
  </suite> <!-- Default suite -->
</testng-results>
