<?xml version="1.0" encoding="UTF-8"?>
<!-- Generated by org.testng.reporters.JUnitXMLReporter -->
<testsuite hostname="LAPTOP-E36DAG2Q" name="Test" tests="5" failures="1" timestamp="24 Feb 2020 10:47:54 GMT" time="0.062" errors="0">
  <testcase name="register" time="0.016" classname="pack1.Demo1">
    <failure type="java.lang.AssertionError" message="null">
      <![CDATA[java.lang.AssertionError: null
	at pack1.Demo1.register(Demo1.java:9)
... Removed 27 stack frames]]>
    </failure>
  </testcase> <!-- register -->
  <testcase name="login" time="0.0" classname="pack1.Demo1">
    <skipped/>
  </testcase> <!-- login -->
  <testcase name="logout" time="0.0" classname="pack1.Demo1"/>
  <testcase name="test1" time="0.0" classname="pack2.Demo2"/>
  <testcase name="test2" time="0.0" classname="pack2.Demo2"/>
</testsuite> <!-- Test -->
