<?xml version="1.0" encoding="UTF-8"?>
<testng-results skipped="0" failed="0" total="1" passed="1">
  <reporter-output>
  </reporter-output>
  <suite name="Default suite" duration-ms="46655" started-at="2020-03-06T12:20:54Z" finished-at="2020-03-06T12:21:40Z">
    <groups>
    </groups>
    <test name="Default test" duration-ms="46655" started-at="2020-03-06T12:20:54Z" finished-at="2020-03-06T12:21:40Z">
      <class name="pom.TestClassFlipkartWomen">
        <test-method status="PASS" signature="openAppln()[pri:0, instance:pom.TestClassFlipkartWomen@51565ec2]" name="openAppln" is-config="true" duration-ms="13723" started-at="2020-03-06T17:50:55Z" finished-at="2020-03-06T17:51:08Z">
          <reporter-output>
          </reporter-output>
        </test-method> <!-- openAppln -->
        <test-method status="PASS" signature="login(java.lang.String, java.lang.String)[pri:0, instance:pom.TestClassFlipkartWomen@51565ec2]" name="login" duration-ms="32121" started-at="2020-03-06T17:51:08Z" data-provider="verify" finished-at="2020-03-06T17:51:40Z">
          <params>
            <param index="0">
              <value>
                <![CDATA[9036932590]]>
              </value>
            </param>
            <param index="1">
              <value>
                <![CDATA[Bhavi@1610]]>
              </value>
            </param>
          </params>
          <reporter-output>
          </reporter-output>
        </test-method> <!-- login -->
        <test-method status="PASS" signature="logout()[pri:0, instance:pom.TestClassFlipkartWomen@51565ec2]" name="logout" is-config="true" duration-ms="0" started-at="2020-03-06T17:51:40Z" finished-at="2020-03-06T17:51:40Z">
          <reporter-output>
          </reporter-output>
        </test-method> <!-- logout -->
      </class> <!-- pom.TestClassFlipkartWomen -->
    </test> <!-- Default test -->
  </suite> <!-- Default suite -->
</testng-results>
